cortex/mobile/Android/CortexV2Example/basicfeatures/build/intermediates/manifest_merge_blame_file/debug/processDebugMainManifest/manifest-merger-blame-debug-report.txt
1<?xml version="1.0" encoding="utf-8"?>
2<manifest xmlns:android="http://schemas.android.com/apk/res/android"
3    package="com.emotiv.cortexv2example.basicfeatures"
4    android:versionCode="1"
5    android:versionName="1.0" >
6
7    <uses-sdk
8        android:minSdkVersion="24"
9        android:targetSdkVersion="31" />
10
11    <uses-permission android:name="android.permission.INTERNET" />
11-->[:cortexclient] AndroidManifest.xml:7:5-67
11-->[:cortexclient] AndroidManifest.xml:7:22-64
12    <uses-permission android:name="android.permission.WRITE_EXTERNAL_STORAGE" />
12-->[:cortexclient] AndroidManifest.xml:8:5-81
12-->[:cortexclient] AndroidManifest.xml:8:22-78
13    <uses-permission android:name="android.permission.BLUETOOTH" />
13-->[:cortexclient] AndroidManifest.xml:9:5-68
13-->[:cortexclient] AndroidManifest.xml:9:22-65
14    <uses-permission android:name="android.permission.BLUETOOTH_ADMIN" />
14-->[:cortexclient] AndroidManifest.xml:10:5-74
14-->[:cortexclient] AndroidManifest.xml:10:22-71
15    <uses-permission android:name="android.permission.BLUETOOTH_SCAN" />
15-->[:cortexclient] AndroidManifest.xml:11:5-73
15-->[:cortexclient] AndroidManifest.xml:11:22-70
16    <uses-permission android:name="android.permission.BLUETOOTH_CONNECT" />
16-->[:cortexclient] AndroidManifest.xml:12:5-76
16-->[:cortexclient] AndroidManifest.xml:12:22-73
17    <uses-permission android:name="android.permission.ACCESS_FINE_LOCATION" />
17-->[:cortexclient] AndroidManifest.xml:13:5-79
17-->[:cortexclient] AndroidManifest.xml:13:22-76
18    <uses-permission android:name="android.permission.ACCESS_COARSE_LOCATION" />
18-->[:cortexclient] AndroidManifest.xml:14:5-81
18-->[:cortexclient] AndroidManifest.xml:14:22-78
19    <uses-permission android:name="android.permission.ACCESS_NETWORK_STATE" />
19-->[:cortexclient] AndroidManifest.xml:15:5-79
19-->[:cortexclient] AndroidManifest.xml:15:22-76
20
21    <uses-feature
21-->[:cortexclient] AndroidManifest.xml:17:5-19:35
22        android:name="android.hardware.bluetooth"
22-->[:cortexclient] AndroidManifest.xml:18:9-50
23        android:required="true" />
23-->[:cortexclient] AndroidManifest.xml:19:9-32
24    <uses-feature
24-->[:cortexclient] AndroidManifest.xml:20:5-22:35
25        android:name="android.hardware.bluetooth_le"
25-->[:cortexclient] AndroidManifest.xml:21:9-53
26        android:required="true" />
26-->[:cortexclient] AndroidManifest.xml:22:9-32
27
28    <uses-permission android:name="android.permission.READ_EXTERNAL_STORAGE" />
29
30    <queries>
30-->[net.openid:appauth:0.8.0] AndroidManifest.xml:26:5-34:15
31        <intent>
31-->[net.openid:appauth:0.8.0] AndroidManifest.xml:27:9-33:18
32            <action android:name="android.intent.action.VIEW" />
32-->[net.openid:appauth:0.8.0] AndroidManifest.xml:28:13-65
32-->[net.openid:appauth:0.8.0] AndroidManifest.xml:28:21-62
33
34            <category android:name="android.intent.category.BROWSABLE" />
34-->[net.openid:appauth:0.8.0] AndroidManifest.xml:30:13-74
34-->[net.openid:appauth:0.8.0] AndroidManifest.xml:30:23-71
35
36            <data android:scheme="https" />
36-->[net.openid:appauth:0.8.0] AndroidManifest.xml:32:13-44
36-->[net.openid:appauth:0.8.0] AndroidManifest.xml:32:19-41
37        </intent>
38    </queries>
39
40    <application
40-->src\main\AndroidManifest.xml:4:5-38:19
41        android:name="com.emotiv.cortexv2example.application.MyApplication"
41-->[:cortexclient] AndroidManifest.xml:25:9-76
42        android:allowBackup="true"
42-->src\main\AndroidManifest.xml:5:9-35
43        android:appComponentFactory="androidx.core.app.CoreComponentFactory"
43-->[androidx.core:core:1.5.0] AndroidManifest.xml:24:18-86
44        android:debuggable="true"
45        android:extractNativeLibs="true"
45-->src\main\AndroidManifest.xml:6:9-41
46        android:icon="@mipmap/ic_launcher"
46-->src\main\AndroidManifest.xml:7:9-43
47        android:label="@string/app_name"
47-->src\main\AndroidManifest.xml:8:9-41
48        android:roundIcon="@mipmap/ic_launcher_round"
48-->src\main\AndroidManifest.xml:9:9-54
49        android:supportsRtl="true"
49-->src\main\AndroidManifest.xml:10:9-35
50        android:testOnly="true"
51        android:theme="@style/AppTheme" >
51-->src\main\AndroidManifest.xml:11:9-40
52        <activity android:name="com.emotiv.cortexv2example.basicfeatures.RecordMarkerActivity" />
52-->src\main\AndroidManifest.xml:13:9-58
52-->src\main\AndroidManifest.xml:13:19-55
53        <activity android:name="com.emotiv.cortexv2example.basicfeatures.PerformanceMetricsActivity" />
53-->src\main\AndroidManifest.xml:14:9-64
53-->src\main\AndroidManifest.xml:14:19-61
54        <activity android:name="com.emotiv.cortexv2example.basicfeatures.MotionActivity" />
54-->src\main\AndroidManifest.xml:15:9-52
54-->src\main\AndroidManifest.xml:15:19-49
55        <activity android:name="com.emotiv.cortexv2example.basicfeatures.MentalCommandTrainingMCActivity" />
55-->src\main\AndroidManifest.xml:16:9-69
55-->src\main\AndroidManifest.xml:16:19-66
56        <activity android:name="com.emotiv.cortexv2example.basicfeatures.MentalCommandTrainingActivity" />
56-->src\main\AndroidManifest.xml:17:9-67
56-->src\main\AndroidManifest.xml:17:19-64
57        <activity android:name="com.emotiv.cortexv2example.basicfeatures.MentalCommandActivity" />
57-->src\main\AndroidManifest.xml:18:9-59
57-->src\main\AndroidManifest.xml:18:19-56
58        <activity android:name="com.emotiv.cortexv2example.basicfeatures.HeadsetSessionVirtualHeadset" />
58-->src\main\AndroidManifest.xml:19:9-66
58-->src\main\AndroidManifest.xml:19:19-63
59        <activity android:name="com.emotiv.cortexv2example.basicfeatures.HeadsetSessionActivity" />
59-->src\main\AndroidManifest.xml:20:9-60
59-->src\main\AndroidManifest.xml:20:19-57
60        <activity android:name="com.emotiv.cortexv2example.basicfeatures.FacialExpressionTrainingSecondActivity" />
60-->src\main\AndroidManifest.xml:21:9-76
60-->src\main\AndroidManifest.xml:21:19-73
61        <activity android:name="com.emotiv.cortexv2example.basicfeatures.FacialExpressionTrainingActivity" />
61-->src\main\AndroidManifest.xml:22:9-70
61-->src\main\AndroidManifest.xml:22:19-67
62        <activity android:name="com.emotiv.cortexv2example.basicfeatures.FacialExpressionActivity" />
62-->src\main\AndroidManifest.xml:23:9-62
62-->src\main\AndroidManifest.xml:23:19-59
63        <activity android:name="com.emotiv.cortexv2example.basicfeatures.EEGActivity" />
63-->src\main\AndroidManifest.xml:24:9-49
63-->src\main\AndroidManifest.xml:24:19-46
64        <activity android:name="com.emotiv.cortexv2example.basicfeatures.BandPowerActivity" />
64-->src\main\AndroidManifest.xml:25:9-55
64-->src\main\AndroidManifest.xml:25:19-52
65        <activity android:name="com.emotiv.cortexv2example.basicfeatures.AuthorizeActivity" />
65-->src\main\AndroidManifest.xml:26:9-55
65-->src\main\AndroidManifest.xml:26:19-52
66        <activity
66-->src\main\AndroidManifest.xml:27:9-37:20
67            android:name="com.emotiv.cortexv2example.basicfeatures.MainActivity"
67-->src\main\AndroidManifest.xml:29:13-41
68            android:exported="true"
68-->src\main\AndroidManifest.xml:28:13-36
69            android:label="@string/app_name"
69-->src\main\AndroidManifest.xml:30:13-45
70            android:theme="@style/Theme.CortexV2Example.NoActionBar" >
70-->src\main\AndroidManifest.xml:31:13-69
71            <intent-filter>
71-->src\main\AndroidManifest.xml:32:13-36:29
72                <action android:name="android.intent.action.MAIN" />
72-->src\main\AndroidManifest.xml:33:17-69
72-->src\main\AndroidManifest.xml:33:25-66
73
74                <category android:name="android.intent.category.LAUNCHER" />
74-->src\main\AndroidManifest.xml:35:17-77
74-->src\main\AndroidManifest.xml:35:27-74
75            </intent-filter>
76        </activity>
77        <activity
77-->[net.openid:appauth:0.8.0] AndroidManifest.xml:37:9-41:75
78            android:name="net.openid.appauth.AuthorizationManagementActivity"
78-->[net.openid:appauth:0.8.0] AndroidManifest.xml:38:13-78
79            android:exported="false"
79-->[net.openid:appauth:0.8.0] AndroidManifest.xml:39:13-37
80            android:launchMode="singleTask"
80-->[net.openid:appauth:0.8.0] AndroidManifest.xml:40:13-44
81            android:theme="@android:style/Theme.Translucent.NoTitleBar" />
81-->[net.openid:appauth:0.8.0] AndroidManifest.xml:41:13-72
82        <activity
82-->[net.openid:appauth:0.8.0] AndroidManifest.xml:42:9-53:20
83            android:name="net.openid.appauth.RedirectUriReceiverActivity"
83-->[net.openid:appauth:0.8.0] AndroidManifest.xml:43:13-74
84            android:exported="true" >
84-->[net.openid:appauth:0.8.0] AndroidManifest.xml:44:13-36
85            <intent-filter>
85-->[net.openid:appauth:0.8.0] AndroidManifest.xml:45:13-52:29
86                <action android:name="android.intent.action.VIEW" />
86-->[net.openid:appauth:0.8.0] AndroidManifest.xml:28:13-65
86-->[net.openid:appauth:0.8.0] AndroidManifest.xml:28:21-62
87
88                <category android:name="android.intent.category.DEFAULT" />
88-->[net.openid:appauth:0.8.0] AndroidManifest.xml:48:17-76
88-->[net.openid:appauth:0.8.0] AndroidManifest.xml:48:27-73
89                <category android:name="android.intent.category.BROWSABLE" />
89-->[net.openid:appauth:0.8.0] AndroidManifest.xml:30:13-74
89-->[net.openid:appauth:0.8.0] AndroidManifest.xml:30:23-71
90
91                <data android:scheme="emotiv-881e33e84e87c8540ffcee38472953ee" />
91-->[net.openid:appauth:0.8.0] AndroidManifest.xml:32:13-44
91-->[net.openid:appauth:0.8.0] AndroidManifest.xml:32:19-41
92            </intent-filter>
93        </activity>
94    </application>
95
96</manifest>